<?xml version="1.0" encoding="UTF-8"?>
<!-- Generated by org.testng.reporters.JUnitXMLReporter -->
<testsuite hostname="LAPTOP-5166L7NM" ignored="0" name="Test" tests="4" failures="0" timestamp="2020-01-31T20:01:51 IST" time="55.306" errors="0">
  <testcase name="basePageNavigation" time="0.055" classname="Academy.validateNavigationBar"/>
  <testcase name="basePageNavigation" time="15.923" classname="Academy.HomePage"/>
  <testcase name="basePageNavigation" time="8.306" classname="Academy.HomePage"/>
  <testcase name="basePageNavigation" time="0.058" classname="Academy.validateTitle"/>
</testsuite> <!-- Test -->
