<?xml version="1.0" encoding="UTF-8"?>
<testng-results skipped="0" failed="0" ignored="0" total="4" passed="4">
  <reporter-output>
  </reporter-output>
  <suite name="Suite" duration-ms="38819" started-at="2020-02-15T20:43:31 IST" finished-at="2020-02-15T20:44:10 IST">
    <groups>
    </groups>
    <test name="validateNavigationBarTest" duration-ms="9196" started-at="2020-02-15T20:43:31 IST" finished-at="2020-02-15T20:43:40 IST">
      <class name="Academy.validateNavigationBar">
        <test-method status="PASS" signature="initialize()[pri:0, instance:Academy.validateNavigationBar@38425407]" name="initialize" is-config="true" duration-ms="9034" started-at="2020-02-15T20:43:31 IST" finished-at="2020-02-15T20:43:40 IST">
          <reporter-output>
          </reporter-output>
        </test-method> <!-- initialize -->
        <test-method status="PASS" signature="navigationBar()[pri:0, instance:Academy.validateNavigationBar@38425407]" name="navigationBar" duration-ms="57" started-at="2020-02-15T20:43:40 IST" finished-at="2020-02-15T20:43:40 IST">
          <reporter-output>
          </reporter-output>
        </test-method> <!-- navigationBar -->
        <test-method status="PASS" signature="tearDown()[pri:0, instance:Academy.validateNavigationBar@38425407]" name="tearDown" is-config="true" duration-ms="77" started-at="2020-02-15T20:43:40 IST" finished-at="2020-02-15T20:43:40 IST">
          <reporter-output>
          </reporter-output>
        </test-method> <!-- tearDown -->
      </class> <!-- Academy.validateNavigationBar -->
    </test> <!-- validateNavigationBarTest -->
    <test name="HomePageTest" duration-ms="21824" started-at="2020-02-15T20:43:40 IST" finished-at="2020-02-15T20:44:02 IST">
      <class name="Academy.HomePage">
        <test-method status="PASS" signature="initialize()[pri:0, instance:Academy.HomePage@185a6e9]" name="initialize" is-config="true" duration-ms="2808" started-at="2020-02-15T20:43:40 IST" finished-at="2020-02-15T20:43:43 IST">
          <reporter-output>
          </reporter-output>
        </test-method> <!-- initialize -->
        <test-method status="PASS" signature="basePageNavigation(java.lang.String, java.lang.String, java.lang.String)[pri:0, instance:Academy.HomePage@185a6e9]" name="basePageNavigation" duration-ms="12280" started-at="2020-02-15T20:43:43 IST" data-provider="getData" finished-at="2020-02-15T20:43:55 IST">
          <params>
            <param index="0">
              <value>
                <![CDATA[nonrestricteduser@qw.com]]>
              </value>
            </param>
            <param index="1">
              <value>
                <![CDATA[123456]]>
              </value>
            </param>
            <param index="2">
              <value>
                <![CDATA[restricted-user]]>
              </value>
            </param>
          </params>
          <reporter-output>
          </reporter-output>
        </test-method> <!-- basePageNavigation -->
        <test-method status="PASS" signature="basePageNavigation(java.lang.String, java.lang.String, java.lang.String)[pri:0, instance:Academy.HomePage@185a6e9]" name="basePageNavigation" duration-ms="6650" started-at="2020-02-15T20:43:55 IST" data-provider="getData" finished-at="2020-02-15T20:44:02 IST">
          <params>
            <param index="0">
              <value>
                <![CDATA[restricteduser@qw.com]]>
              </value>
            </param>
            <param index="1">
              <value>
                <![CDATA[456789]]>
              </value>
            </param>
            <param index="2">
              <value>
                <![CDATA[non-restricted user]]>
              </value>
            </param>
          </params>
          <reporter-output>
          </reporter-output>
        </test-method> <!-- basePageNavigation -->
        <test-method status="PASS" signature="tearDown()[pri:0, instance:Academy.HomePage@185a6e9]" name="tearDown" is-config="true" duration-ms="80" started-at="2020-02-15T20:44:02 IST" finished-at="2020-02-15T20:44:02 IST">
          <reporter-output>
          </reporter-output>
        </test-method> <!-- tearDown -->
      </class> <!-- Academy.HomePage -->
    </test> <!-- HomePageTest -->
    <test name="validateTitleTest" duration-ms="7697" started-at="2020-02-15T20:44:02 IST" finished-at="2020-02-15T20:44:10 IST">
      <class name="Academy.validateTitle">
        <test-method status="PASS" signature="initialize()[pri:0, instance:Academy.validateTitle@4116aac9]" name="initialize" is-config="true" duration-ms="7601" started-at="2020-02-15T20:44:02 IST" finished-at="2020-02-15T20:44:09 IST">
          <reporter-output>
          </reporter-output>
        </test-method> <!-- initialize -->
        <test-method status="PASS" signature="titleBar()[pri:0, instance:Academy.validateTitle@4116aac9]" name="titleBar" duration-ms="32" started-at="2020-02-15T20:44:09 IST" finished-at="2020-02-15T20:44:09 IST">
          <reporter-output>
          </reporter-output>
        </test-method> <!-- titleBar -->
        <test-method status="PASS" signature="tearDown()[pri:0, instance:Academy.validateTitle@4116aac9]" name="tearDown" is-config="true" duration-ms="63" started-at="2020-02-15T20:44:09 IST" finished-at="2020-02-15T20:44:10 IST">
          <reporter-output>
          </reporter-output>
        </test-method> <!-- tearDown -->
      </class> <!-- Academy.validateTitle -->
    </test> <!-- validateTitleTest -->
  </suite> <!-- Suite -->
</testng-results>
